************* Module tw2
C:  1: Missing docstring
************* Module tw2.jquery_fg.defaults
C:  1: Missing docstring
C:  2: Invalid name "_fg_dirname_" (should match (([A-Z_][A-Z0-9_]*)|(__.*__))$)
C:  3: Invalid name "_fg_basename_" (should match (([A-Z_][A-Z0-9_]*)|(__.*__))$)
************* Module tw2.jquery_fg.samples
C: 22: Line too long (87/80)
E:  9: No name 'jquery_ui' in module 'tw2'
F:  9: Unable to import 'tw2.jquery_ui'
W: 10: Relative import 'widgets', should be 'tw2.jquery_fg.widgets'
C: 12: Invalid name "some_items" (should match (([A-Z_][A-Z0-9_]*)|(__.*__))$)
C:173:DemoMenuWidget: Missing docstring
W:173:DemoMenuWidget: Class has no __init__ method
C:180:DemoMenuWidget.child: Invalid name "child" (should match [A-Z_][a-zA-Z0-9]+$)
C:180:DemoMenuWidget.child: Missing docstring
W:180:DemoMenuWidget.child: Class has no __init__ method
E:180:DemoMenuWidget.child: Module 'tw2' has no 'jquery_ui' member
C:181:DemoMenuWidget.child: Operator not preceded by a space
        options={
               ^
            'label' : 'A Menu',
            'icons' : {
                'primary' : 'ui-icon-triangle-1-s'
R:180:DemoMenuWidget.child: Too few public methods (0/2)
R:173:DemoMenuWidget: Too few public methods (0/2)
************* Module tw2.jquery_fg.base
C:  1: Missing docstring
E:  3: No name 'core' in module 'tw2'
F:  3: Unable to import 'tw2.core'
E:  4: No name 'core' in module 'tw2'
F:  4: Unable to import 'tw2.core.resources'
E:  7: No name 'jquery_core' in module 'tw2'
F:  7: Unable to import 'tw2.jquery_core'
E:  8: No name 'jquery_core' in module 'tw2'
F:  8: Unable to import 'tw2.jquery_core.base'
E:  9: No name 'jquery_core' in module 'tw2'
F:  9: Unable to import 'tw2.jquery_core.base'
E: 10: No name 'jquery_core' in module 'tw2'
F: 10: Unable to import 'tw2.jquery_core.version'
C: 16:jQueryFGMixin: Invalid name "jQueryFGMixin" (should match [A-Z_][a-zA-Z0-9]+$)
C: 16:jQueryFGMixin: Missing docstring
W: 16:jQueryFGMixin: Class has no __init__ method
W: 17:jQueryFGMixin: Access to a protected member _fg_dirname_ of a client class
C: 18:jQueryFGMixin: Operator not preceded by a space
    basename='fg.menu'
            ^
R: 16:jQueryFGMixin: Too few public methods (0/2)
C: 21:jQueryFGJSLink: Invalid name "jQueryFGJSLink" (should match [A-Z_][a-zA-Z0-9]+$)
C: 21:jQueryFGJSLink: Missing docstring
W: 21:jQueryFGJSLink: Class has no __init__ method
R: 21:jQueryFGJSLink: Too few public methods (0/2)
C: 24:jQueryFGCSSLink: Invalid name "jQueryFGCSSLink" (should match [A-Z_][a-zA-Z0-9]+$)
C: 24:jQueryFGCSSLink: Missing docstring
W: 24:jQueryFGCSSLink: Class has no __init__ method
R: 24:jQueryFGCSSLink: Too few public methods (0/2)
C: 29: Invalid name "jquery_js" (should match (([A-Z_][A-Z0-9_]*)|(__.*__))$)
C: 30: Invalid name "jquery_fg_css" (should match (([A-Z_][A-Z0-9_]*)|(__.*__))$)
C: 31: Invalid name "jquery_fg_js" (should match (([A-Z_][A-Z0-9_]*)|(__.*__))$)
W:  4: Unused import encoder
W:  7: Unused import JQueryWidget
W: 10: Unused import JSLinkMixin
************* Module tw2.jquery_fg
C:  1: Missing docstring
W:  1: Relative import 'widgets', should be 'tw2.jquery_fg.widgets'
W:  1: Wildcard import widgets
************* Module tw2.jquery_fg.widgets
C:  1: Missing docstring
E:  3: No name 'core' in module 'tw2'
F:  3: Unable to import 'tw2.core'
E:  4: No name 'core' in module 'tw2'
F:  4: Unable to import 'tw2.core.resources'
E:  7: No name 'jquery_ui' in module 'tw2'
F:  7: Unable to import 'tw2.jquery_ui'
W: 10:MenuWidget: Class has no __init__ method
R: 10:MenuWidget: Too few public methods (0/2)
W:  4: Unused import encoder
************* Module tw2.jquery_fg.templates
C:  1: Missing docstring


Report
======
41 statements analysed.

Duplication
-----------

+-------------------------+------+---------+-----------+
|                         |now   |previous |difference |
+=========================+======+=========+===========+
|nb duplicated lines      |0     |0        |=          |
+-------------------------+------+---------+-----------+
|percent duplicated lines |0.000 |0.000    |=          |
+-------------------------+------+---------+-----------+



Raw metrics
-----------

+----------+-------+------+---------+-----------+
|type      |number |%     |previous |difference |
+==========+=======+======+=========+===========+
|code      |192    |65.08 |136      |+56.00     |
+----------+-------+------+---------+-----------+
|docstring |87     |29.49 |7        |+80.00     |
+----------+-------+------+---------+-----------+
|comment   |8      |2.71  |23       |-15.00     |
+----------+-------+------+---------+-----------+
|empty     |8      |2.71  |11       |-3.00      |
+----------+-------+------+---------+-----------+



External dependencies
---------------------
::

    tw2 
      \-jquery_fg 
        \-widgets 
          \-MenuWidget (tw2.jquery_fg.samples)



Statistics by type
------------------

+---------+-------+-----------+-----------+------------+---------+
|type     |number |old number |difference |%documented |%badname |
+=========+=======+===========+===========+============+=========+
|module   |7      |8          |-1.00      |14.29       |0.00     |
+---------+-------+-----------+-----------+------------+---------+
|class    |6      |9          |-3.00      |16.67       |66.67    |
+---------+-------+-----------+-----------+------------+---------+
|method   |0      |13         |-13.00     |0.00        |0.00     |
+---------+-------+-----------+-----------+------------+---------+
|function |0      |0          |=          |0.00        |0.00     |
+---------+-------+-----------+-----------+------------+---------+



Messages by category
--------------------

+-----------+-------+---------+-----------+
|type       |number |previous |difference |
+===========+=======+=========+===========+
|convention |24     |80       |-56.00     |
+-----------+-------+---------+-----------+
|refactor   |6      |1        |+5.00      |
+-----------+-------+---------+-----------+
|warning    |14     |29       |-15.00     |
+-----------+-------+---------+-----------+
|error      |11     |13       |-2.00      |
+-----------+-------+---------+-----------+



% errors / warnings by module
-----------------------------

+-----------------------+------+--------+---------+-----------+
|module                 |error |warning |refactor |convention |
+=======================+======+========+=========+===========+
|tw2.jquery_fg.base     |54.55 |50.00   |50.00    |45.83      |
+-----------------------+------+--------+---------+-----------+
|tw2.jquery_fg.widgets  |27.27 |14.29   |16.67    |4.17       |
+-----------------------+------+--------+---------+-----------+
|tw2.jquery_fg.samples  |18.18 |21.43   |33.33    |25.00      |
+-----------------------+------+--------+---------+-----------+
|tw2.jquery_fg.__init__ |0.00  |14.29   |0.00     |4.17       |
+-----------------------+------+--------+---------+-----------+



Messages
--------

+-----------+------------+
|message id |occurrences |
+===========+============+
|C0111      |11          |
+-----------+------------+
|F0401      |10          |
+-----------+------------+
|E0611      |10          |
+-----------+------------+
|C0103      |10          |
+-----------+------------+
|W0232      |6           |
+-----------+------------+
|R0903      |6           |
+-----------+------------+
|W0611      |4           |
+-----------+------------+
|W0403      |2           |
+-----------+------------+
|C0322      |2           |
+-----------+------------+
|W0401      |1           |
+-----------+------------+
|W0212      |1           |
+-----------+------------+
|E1101      |1           |
+-----------+------------+
|C0301      |1           |
+-----------+------------+



Global evaluation
-----------------
Your code has been rated at -14.15/10 (previous run: -3.89/10)

